Using pre-set license

 COMMAND LINE ARGUMENTS:
/Applications/Unity/Unity.app/Contents/MacOS/Unity
-adb2
-batchMode
-noUpm
-name
AssetImportWorker0
-projectPath
/Users/zongbo/github/Pixel_Legends
-logFile
Logs/AssetImportWorker0.log
-srvPort
50012
Successfully changed project path to: /Users/zongbo/github/Pixel_Legends
/Users/zongbo/github/Pixel_Legends
Using Asset Import Pipeline V2.
Refreshing native plugins compatible for Editor in 33.30 ms, found 2 plugins.
Preloading 0 native plugins for Editor in 0.00 ms.
Initialize engine version: 2020.2.2f1 (068178b99f32)
[Subsystems] Discovering subsystems at path /Applications/Unity/Unity.app/Contents/Resources/UnitySubsystems
[Subsystems] Discovering subsystems at path /Users/zongbo/github/Pixel_Legends/Assets
GfxDevice: creating device client; threaded=0
2023-02-19 15:52:57.360 Unity[6302:113745] (null) preferred device: Apple M1 (high power)
2023-02-19 15:52:57.360 Unity[6302:113745] Metal devices available: 1
2023-02-19 15:52:57.360 Unity[6302:113745] 0: Apple M1 (high power)
2023-02-19 15:52:57.360 Unity[6302:113745] Using device Apple M1 (high power)
Initializing Metal device caps: Apple M1
Initialize mono
Mono path[0] = '/Applications/Unity/Unity.app/Contents/Managed'
Mono path[1] = '/Applications/Unity/Unity.app/Contents/MonoBleedingEdge/lib/mono/unityjit'
Mono config path = '/Applications/Unity/Unity.app/Contents/MonoBleedingEdge/etc'
Using monoOptions --debugger-agent=transport=dt_socket,embedding=1,server=y,suspend=n,address=127.0.0.1:56302
Begin MonoManager ReloadAssembly
Registering precompiled unity dll's ...
Register platform support module: /Applications/Unity/Unity.app/Contents/PlaybackEngines/MacStandaloneSupport/UnityEditor.OSXStandalone.Extensions.dll
Registered in 0.000864 seconds.
Native extension for OSXStandalone target not found
Refreshing native plugins compatible for Editor in 35.60 ms, found 2 plugins.
Preloading 0 native plugins for Editor in 0.00 ms.
Invoked RoslynAnalysisRunner static constructor.
RoslynAnalysisRunner will not be running.
RoslynAnalysisRunner has terminated.
Mono: successfully reloaded assembly
- Completed reload, in  2.050 seconds
Platform modules already initialized, skipping
Registering precompiled user dll's ...
Registered in 0.000943 seconds.
Begin MonoManager ReloadAssembly
Native extension for OSXStandalone target not found
Refreshing native plugins compatible for Editor in 35.75 ms, found 2 plugins.
Preloading 0 native plugins for Editor in 0.00 ms.
Invoked RoslynAnalysisRunner static constructor.
RoslynAnalysisRunner will not be running.
RoslynAnalysisRunner has terminated.
Mono: successfully reloaded assembly
- Completed reload, in  2.036 seconds
Platform modules already initialized, skipping
========================================================================
Worker process is ready to serve import requests
Launching external process: /Applications/Unity/Unity.app/Contents/Tools/UnityShaderCompiler
Launched and connected shader compiler UnityShaderCompiler after 0.03 seconds
Refreshing native plugins compatible for Editor in 0.41 ms, found 2 plugins.
Preloading 0 native plugins for Editor in 0.00 ms.
Unloading 1798 Unused Serialized files (Serialized files now loaded: 0)
System memory in use before: 70.0 MB.
System memory in use after: 70.0 MB.

Unloading 24 unused Assets to reduce memory usage. Loaded Objects now: 2239.
Total: 1.707792 ms (FindLiveObjects: 0.195000 ms CreateObjectMapping: 0.039208 ms MarkObjects: 1.333709 ms  DeleteObjects: 0.138792 ms)

========================================================================
Received Import Request.
  path: Assets/Scripts/Zombie.cs
  artifactKey: Guid(becb155b19f1147239bb69fd6644a2b5) Importer(815301076,1909f56bfc062723c751e8b465ee728b)
Start importing Assets/Scripts/Zombie.cs using Guid(becb155b19f1147239bb69fd6644a2b5) Importer(815301076,1909f56bfc062723c751e8b465ee728b)  -> (artifact id: '0896762913008dd70b67aa6c8daba4cf') in 0.144154 seconds
  Import took 0.146636 seconds .

========================================================================
Received Prepare
Registering precompiled user dll's ...
Registered in 0.000645 seconds.
Begin MonoManager ReloadAssembly
Native extension for OSXStandalone target not found
Refreshing native plugins compatible for Editor in 0.32 ms, found 2 plugins.
Preloading 0 native plugins for Editor in 0.00 ms.
Invoked RoslynAnalysisRunner static constructor.
RoslynAnalysisRunner will not be running.
RoslynAnalysisRunner has terminated.
Mono: successfully reloaded assembly
- Completed reload, in  1.830 seconds
Platform modules already initialized, skipping
Refreshing native plugins compatible for Editor in 0.30 ms, found 2 plugins.
Preloading 0 native plugins for Editor in 0.00 ms.
Unloading 1793 Unused Serialized files (Serialized files now loaded: 0)
System memory in use before: 151.9 MB.
System memory in use after: 151.9 MB.

Unloading 12 unused Assets to reduce memory usage. Loaded Objects now: 2242.
Total: 1.381750 ms (FindLiveObjects: 0.178084 ms CreateObjectMapping: 0.037250 ms MarkObjects: 1.077875 ms  DeleteObjects: 0.087750 ms)

========================================================================
Received Import Request.
  Time since last request: 47.723392 seconds.
  path: Assets/Scripts/Zombie.cs
  artifactKey: Guid(becb155b19f1147239bb69fd6644a2b5) Importer(815301076,1909f56bfc062723c751e8b465ee728b)
Start importing Assets/Scripts/Zombie.cs using Guid(becb155b19f1147239bb69fd6644a2b5) Importer(815301076,1909f56bfc062723c751e8b465ee728b)  -> (artifact id: '41bfdb5099be70d93adabe059a5c1f2a') in 0.006905 seconds
  Import took 0.009166 seconds .

